[1.828s] Invoking command in '/home/hasegawa/robosys/ros2_ws/src/mypkg': PS1=\[\033[01;32m\]\u@\h\[\033[01;34m\] \w\[\033[01;31m\]$(__git_ps1 "[%s]")\[\033[00m\]\$\[\033[00m\] PYTHONPATH=/home/hasegawa/robosys/ros2_ws/install/mypkg/lib/python3.6/site-packages:${PYTHONPATH} /usr/bin/python3 setup.py egg_info --egg-base ../../build/mypkg build --build-base /home/hasegawa/robosys/ros2_ws/build/mypkg/build install --prefix /home/hasegawa/robosys/ros2_ws/install/mypkg --record /home/hasegawa/robosys/ros2_ws/build/mypkg/install.log --single-version-externally-managed
[2.397s] running egg_info
[2.397s] creating ../../build/mypkg/mypkg.egg-info
[2.449s] writing ../../build/mypkg/mypkg.egg-info/PKG-INFO
[2.453s] writing dependency_links to ../../build/mypkg/mypkg.egg-info/dependency_links.txt
[2.455s] writing entry points to ../../build/mypkg/mypkg.egg-info/entry_points.txt
[2.457s] writing requirements to ../../build/mypkg/mypkg.egg-info/requires.txt
[2.459s] writing top-level names to ../../build/mypkg/mypkg.egg-info/top_level.txt
[2.461s] writing manifest file '../../build/mypkg/mypkg.egg-info/SOURCES.txt'
[2.500s] reading manifest file '../../build/mypkg/mypkg.egg-info/SOURCES.txt'
[2.502s] writing manifest file '../../build/mypkg/mypkg.egg-info/SOURCES.txt'
[2.502s] running build
[2.502s] running build_py
[2.503s] creating /home/hasegawa/robosys/ros2_ws/build/mypkg/build
[2.503s] creating /home/hasegawa/robosys/ros2_ws/build/mypkg/build/lib
[2.504s] creating /home/hasegawa/robosys/ros2_ws/build/mypkg/build/lib/mypkg
[2.504s] copying mypkg/__init__.py -> /home/hasegawa/robosys/ros2_ws/build/mypkg/build/lib/mypkg
[2.505s] running install
[2.506s] running install_lib
[2.508s] creating /home/hasegawa/robosys/ros2_ws/install/mypkg/lib/python3.6/site-packages/mypkg
[2.508s] copying /home/hasegawa/robosys/ros2_ws/build/mypkg/build/lib/mypkg/__init__.py -> /home/hasegawa/robosys/ros2_ws/install/mypkg/lib/python3.6/site-packages/mypkg
[2.510s] byte-compiling /home/hasegawa/robosys/ros2_ws/install/mypkg/lib/python3.6/site-packages/mypkg/__init__.py to __init__.cpython-36.pyc
[2.512s] running install_data
[2.513s] creating /home/hasegawa/robosys/ros2_ws/install/mypkg/share/ament_index
[2.513s] creating /home/hasegawa/robosys/ros2_ws/install/mypkg/share/ament_index/resource_index
[2.513s] creating /home/hasegawa/robosys/ros2_ws/install/mypkg/share/ament_index/resource_index/packages
[2.514s] copying resource/mypkg -> /home/hasegawa/robosys/ros2_ws/install/mypkg/share/ament_index/resource_index/packages
[2.515s] copying package.xml -> /home/hasegawa/robosys/ros2_ws/install/mypkg/share/mypkg
[2.517s] running install_egg_info
[2.520s] Copying ../../build/mypkg/mypkg.egg-info to /home/hasegawa/robosys/ros2_ws/install/mypkg/lib/python3.6/site-packages/mypkg-0.0.0-py3.6.egg-info
[2.533s] running install_scripts
[2.559s] writing list of installed files to '/home/hasegawa/robosys/ros2_ws/build/mypkg/install.log'
[2.580s] Invoked command in '/home/hasegawa/robosys/ros2_ws/src/mypkg' returned '0': PS1=\[\033[01;32m\]\u@\h\[\033[01;34m\] \w\[\033[01;31m\]$(__git_ps1 "[%s]")\[\033[00m\]\$\[\033[00m\] PYTHONPATH=/home/hasegawa/robosys/ros2_ws/install/mypkg/lib/python3.6/site-packages:${PYTHONPATH} /usr/bin/python3 setup.py egg_info --egg-base ../../build/mypkg build --build-base /home/hasegawa/robosys/ros2_ws/build/mypkg/build install --prefix /home/hasegawa/robosys/ros2_ws/install/mypkg --record /home/hasegawa/robosys/ros2_ws/build/mypkg/install.log --single-version-externally-managed
