[1.354s] Invoking command in '/home/hasegawa/robosys/ros2_ws/src/mypkg': PS1=\[\033[01;32m\]\u@\h\[\033[01;34m\] \w\[\033[01;31m\]$(__git_ps1 "[%s]")\[\033[00m\]\$\[\033[00m\] PYTHONPATH=/home/hasegawa/robosys/ros2_ws/install/mypkg/lib/python3.6/site-packages:${PYTHONPATH} /usr/bin/python3 setup.py egg_info --egg-base ../../build/mypkg build --build-base /home/hasegawa/robosys/ros2_ws/build/mypkg/build install --prefix /home/hasegawa/robosys/ros2_ws/install/mypkg --record /home/hasegawa/robosys/ros2_ws/build/mypkg/install.log --single-version-externally-managed
[1.884s] running egg_info
[1.884s] writing ../../build/mypkg/mypkg.egg-info/PKG-INFO
[1.895s] writing dependency_links to ../../build/mypkg/mypkg.egg-info/dependency_links.txt
[1.895s] writing entry points to ../../build/mypkg/mypkg.egg-info/entry_points.txt
[1.895s] writing requirements to ../../build/mypkg/mypkg.egg-info/requires.txt
[1.895s] writing top-level names to ../../build/mypkg/mypkg.egg-info/top_level.txt
[1.925s] reading manifest file '../../build/mypkg/mypkg.egg-info/SOURCES.txt'
[1.927s] writing manifest file '../../build/mypkg/mypkg.egg-info/SOURCES.txt'
[1.928s] running build
[1.928s] running build_py
[1.928s] running install
[1.929s] running install_lib
[1.931s] running install_data
[1.932s] running install_egg_info
[1.935s] removing '/home/hasegawa/robosys/ros2_ws/install/mypkg/lib/python3.6/site-packages/mypkg-0.0.0-py3.6.egg-info' (and everything under it)
[1.943s] Copying ../../build/mypkg/mypkg.egg-info to /home/hasegawa/robosys/ros2_ws/install/mypkg/lib/python3.6/site-packages/mypkg-0.0.0-py3.6.egg-info
[1.952s] running install_scripts
[1.978s] writing list of installed files to '/home/hasegawa/robosys/ros2_ws/build/mypkg/install.log'
[1.999s] Invoked command in '/home/hasegawa/robosys/ros2_ws/src/mypkg' returned '0': PS1=\[\033[01;32m\]\u@\h\[\033[01;34m\] \w\[\033[01;31m\]$(__git_ps1 "[%s]")\[\033[00m\]\$\[\033[00m\] PYTHONPATH=/home/hasegawa/robosys/ros2_ws/install/mypkg/lib/python3.6/site-packages:${PYTHONPATH} /usr/bin/python3 setup.py egg_info --egg-base ../../build/mypkg build --build-base /home/hasegawa/robosys/ros2_ws/build/mypkg/build install --prefix /home/hasegawa/robosys/ros2_ws/install/mypkg --record /home/hasegawa/robosys/ros2_ws/build/mypkg/install.log --single-version-externally-managed
